Searching for input file: /Users/acondict/Documents/Watershed/watershedpi/generate_data/inputs/august_data_tuples.txt
Data tuples fetched for august
************************************
************************************
[             8/2021           ]
[ 2021-08-01 ] <---> [ 8/1/2021 ]

>> Month of Year:   AUGUST
>> Week Number:     1
>> Day of Week:     SUNDAY  (occur. #1)
>> Is Weekend:      True
>> Gallons per Day: 31.69
>> pH Minumum:      6.87
>> pH Maximum:      8.28

************************************

[             8/2021           ]
[ 2021-08-02 ] <---> [ 8/2/2021 ]

>> Month of Year:   AUGUST
>> Week Number:     1
>> Day of Week:     MONDAY  (occur. #1)
>> Is Weekend:      False
>> Gallons per Day: 1,671.94
>> pH Minumum:      6.00
>> pH Maximum:      11.88

************************************

[             8/2021           ]
[ 2021-08-03 ] <---> [ 8/3/2021 ]

>> Month of Year:   AUGUST
>> Week Number:     1
>> Day of Week:     TUESDAY  (occur. #1)
>> Is Weekend:      False
>> Gallons per Day: 1,737.49
>> pH Minumum:      6.00
>> pH Maximum:      12.00

************************************

[             8/2021           ]
[ 2021-08-04 ] <---> [ 8/4/2021 ]

>> Month of Year:   AUGUST
>> Week Number:     1
>> Day of Week:     WEDNESDAY  (occur. #1)
>> Is Weekend:      False
>> Gallons per Day: 2,256.36
>> pH Minumum:      6.02
>> pH Maximum:      11.99

************************************

[             8/2021           ]
[ 2021-08-05 ] <---> [ 8/5/2021 ]

>> Month of Year:   AUGUST
>> Week Number:     1
>> Day of Week:     THURSDAY  (occur. #1)
>> Is Weekend:      False
>> Gallons per Day: 1,863.32
>> pH Minumum:      6.00
>> pH Maximum:      11.98

************************************

[             8/2021           ]
[ 2021-08-06 ] <---> [ 8/6/2021 ]

>> Month of Year:   AUGUST
>> Week Number:     1
>> Day of Week:     FRIDAY  (occur. #1)
>> Is Weekend:      False
>> Gallons per Day: 2,181.21
>> pH Minumum:      6.00
>> pH Maximum:      11.96

************************************

[             8/2021           ]
[ 2021-08-07 ] <---> [ 8/7/2021 ]

>> Month of Year:   AUGUST
>> Week Number:     1
>> Day of Week:     SATURDAY  (occur. #1)
>> Is Weekend:      True
>> Gallons per Day: 9.42
>> pH Minumum:      8.45
>> pH Maximum:      9.38

************************************

[             8/2021           ]
[ 2021-08-08 ] <---> [ 8/8/2021 ]

>> Month of Year:   AUGUST
>> Week Number:     2
>> Day of Week:     SUNDAY  (occur. #2)
>> Is Weekend:      True
>> Gallons per Day: 16.76
>> pH Minumum:      7.94
>> pH Maximum:      9.10

************************************

[             8/2021           ]
[ 2021-08-09 ] <---> [ 8/9/2021 ]

>> Month of Year:   AUGUST
>> Week Number:     2
>> Day of Week:     MONDAY  (occur. #2)
>> Is Weekend:      False
>> Gallons per Day: 1,483.65
>> pH Minumum:      6.00
>> pH Maximum:      9.70

************************************

[             8/2021           ]
[ 2021-08-10 ] <---> [ 8/10/2021 ]

>> Month of Year:   AUGUST
>> Week Number:     2
>> Day of Week:     TUESDAY  (occur. #2)
>> Is Weekend:      False
>> Gallons per Day: 1,643.40
>> pH Minumum:      6.00
>> pH Maximum:      8.98

************************************

[             8/2021           ]
[ 2021-08-11 ] <---> [ 8/11/2021 ]

>> Month of Year:   AUGUST
>> Week Number:     2
>> Day of Week:     WEDNESDAY  (occur. #2)
>> Is Weekend:      False
>> Gallons per Day: 1,944.27
>> pH Minumum:      6.00
>> pH Maximum:      11.99

************************************

[             8/2021           ]
[ 2021-08-12 ] <---> [ 8/12/2021 ]

>> Month of Year:   AUGUST
>> Week Number:     2
>> Day of Week:     THURSDAY  (occur. #2)
>> Is Weekend:      False
>> Gallons per Day: 2,004.43
>> pH Minumum:      6.00
>> pH Maximum:      11.99

************************************

[             8/2021           ]
[ 2021-08-13 ] <---> [ 8/13/2021 ]

>> Month of Year:   AUGUST
>> Week Number:     2
>> Day of Week:     FRIDAY  (occur. #2)
>> Is Weekend:      False
>> Gallons per Day: 1,880.09
>> pH Minumum:      6.00
>> pH Maximum:      10.49

************************************

[             8/2021           ]
[ 2021-08-14 ] <---> [ 8/14/2021 ]

>> Month of Year:   AUGUST
>> Week Number:     2
>> Day of Week:     SATURDAY  (occur. #2)
>> Is Weekend:      True
>> Gallons per Day: 45.48
>> pH Minumum:      7.02
>> pH Maximum:      8.56

************************************

[             8/2021           ]
[ 2021-08-15 ] <---> [ 8/15/2021 ]

>> Month of Year:   AUGUST
>> Week Number:     3
>> Day of Week:     SUNDAY  (occur. #3)
>> Is Weekend:      True
>> Gallons per Day: 31.98
>> pH Minumum:      7.34
>> pH Maximum:      8.36

************************************

[             8/2021           ]
[ 2021-08-16 ] <---> [ 8/16/2021 ]

>> Month of Year:   AUGUST
>> Week Number:     3
>> Day of Week:     MONDAY  (occur. #3)
>> Is Weekend:      False
>> Gallons per Day: 1,740.21
>> pH Minumum:      6.00
>> pH Maximum:      11.99

************************************

[             8/2021           ]
[ 2021-08-17 ] <---> [ 8/17/2021 ]

>> Month of Year:   AUGUST
>> Week Number:     3
>> Day of Week:     TUESDAY  (occur. #3)
>> Is Weekend:      False
>> Gallons per Day: 1,873.59
>> pH Minumum:      6.00
>> pH Maximum:      11.99

************************************

[             8/2021           ]
[ 2021-08-18 ] <---> [ 8/18/2021 ]

>> Month of Year:   AUGUST
>> Week Number:     3
>> Day of Week:     WEDNESDAY  (occur. #3)
>> Is Weekend:      False
>> Gallons per Day: 1,665.81
>> pH Minumum:      6.00
>> pH Maximum:      11.21

************************************

[             8/2021           ]
[ 2021-08-19 ] <---> [ 8/19/2021 ]

>> Month of Year:   AUGUST
>> Week Number:     3
>> Day of Week:     THURSDAY  (occur. #3)
>> Is Weekend:      False
>> Gallons per Day: 2,056.47
>> pH Minumum:      6.00
>> pH Maximum:      11.90

************************************

[             8/2021           ]
[ 2021-08-20 ] <---> [ 8/20/2021 ]

>> Month of Year:   AUGUST
>> Week Number:     3
>> Day of Week:     FRIDAY  (occur. #3)
>> Is Weekend:      False
>> Gallons per Day: 2,555.27
>> pH Minumum:      6.00
>> pH Maximum:      11.95

************************************

[             8/2021           ]
[ 2021-08-21 ] <---> [ 8/21/2021 ]

>> Month of Year:   AUGUST
>> Week Number:     3
>> Day of Week:     SATURDAY  (occur. #3)
>> Is Weekend:      True
>> Gallons per Day: 1.93
>> pH Minumum:      6.31
>> pH Maximum:      8.27

************************************

[             8/2021           ]
[ 2021-08-22 ] <---> [ 8/22/2021 ]

>> Month of Year:   AUGUST
>> Week Number:     4
>> Day of Week:     SUNDAY  (occur. #4)
>> Is Weekend:      True
>> Gallons per Day: 36.03
>> pH Minumum:      6.48
>> pH Maximum:      8.31

************************************

[             8/2021           ]
[ 2021-08-23 ] <---> [ 8/23/2021 ]

>> Month of Year:   AUGUST
>> Week Number:     4
>> Day of Week:     MONDAY  (occur. #4)
>> Is Weekend:      False
>> Gallons per Day: 2,469.97
>> pH Minumum:      6.00
>> pH Maximum:      11.98

************************************

[             8/2021           ]
[ 2021-08-24 ] <---> [ 8/24/2021 ]

>> Month of Year:   AUGUST
>> Week Number:     4
>> Day of Week:     TUESDAY  (occur. #4)
>> Is Weekend:      False
>> Gallons per Day: 2,830.00
>> pH Minumum:      6.00
>> pH Maximum:      11.95

************************************

[             8/2021           ]
[ 2021-08-25 ] <---> [ 8/25/2021 ]

>> Month of Year:   AUGUST
>> Week Number:     4
>> Day of Week:     WEDNESDAY  (occur. #4)
>> Is Weekend:      False
>> Gallons per Day: 2,733.68
>> pH Minumum:      6.00
>> pH Maximum:      11.95

************************************

[             8/2021           ]
[ 2021-08-26 ] <---> [ 8/26/2021 ]

>> Month of Year:   AUGUST
>> Week Number:     4
>> Day of Week:     THURSDAY  (occur. #4)
>> Is Weekend:      False
>> Gallons per Day: 2,508.58
>> pH Minumum:      6.00
>> pH Maximum:      11.89

************************************

[             8/2021           ]
[ 2021-08-27 ] <---> [ 8/27/2021 ]

>> Month of Year:   AUGUST
>> Week Number:     4
>> Day of Week:     FRIDAY  (occur. #4)
>> Is Weekend:      False
>> Gallons per Day: 2,635.50
>> pH Minumum:      6.00
>> pH Maximum:      11.84

************************************

[             8/2021           ]
[ 2021-08-28 ] <---> [ 8/28/2021 ]

>> Month of Year:   AUGUST
>> Week Number:     4
>> Day of Week:     SATURDAY  (occur. #4)
>> Is Weekend:      True
>> Gallons per Day: 45.06
>> pH Minumum:      6.41
>> pH Maximum:      8.87

************************************

[             8/2021           ]
[ 2021-08-29 ] <---> [ 8/29/2021 ]

>> Month of Year:   AUGUST
>> Week Number:     5
>> Day of Week:     SUNDAY  (occur. #5)
>> Is Weekend:      True
>> Gallons per Day: 39.63
>> pH Minumum:      7.30
>> pH Maximum:      8.70

************************************

[             8/2021           ]
[ 2021-08-30 ] <---> [ 8/30/2021 ]

>> Month of Year:   AUGUST
>> Week Number:     5
>> Day of Week:     MONDAY  (occur. #5)
>> Is Weekend:      False
>> Gallons per Day: 2,144.80
>> pH Minumum:      6.00
>> pH Maximum:      10.81

************************************

[             8/2021           ]
[ 2021-08-31 ] <---> [ 8/31/2021 ]

>> Month of Year:   AUGUST
>> Week Number:     5
>> Day of Week:     TUESDAY  (occur. #5)
>> Is Weekend:      False
>> Gallons per Day: 2,429.18
>> pH Minumum:      6.00
>> pH Maximum:      11.99

************************************


DATA REPORT FOR MONTH [8/2021]:
{
    "8/2021": {
        "1": {
            "id": "1",
            "date": "datetime.date(2021, 8, 1)",
            "day_of_week": "WeekdayEnum.SUNDAY",
            "is_weekend": true,
            "month_of_year": "MonthEnum.AUGUST",
            "week_number": 1,
            "weekday_occurrence": 1,
            "gallons_per_day": 31.69,
            "ph_min": 6.87,
            "ph_max": 8.28
        },
        "2": {
            "id": "2",
            "date": "datetime.date(2021, 8, 2)",
            "day_of_week": "WeekdayEnum.MONDAY",
            "is_weekend": false,
            "month_of_year": "MonthEnum.AUGUST",
            "week_number": 1,
            "weekday_occurrence": 1,
            "gallons_per_day": 1671.94,
            "ph_min": 6.0,
            "ph_max": 11.88
        },
        "3": {
            "id": "3",
            "date": "datetime.date(2021, 8, 3)",
            "day_of_week": "WeekdayEnum.TUESDAY",
            "is_weekend": false,
            "month_of_year": "MonthEnum.AUGUST",
            "week_number": 1,
            "weekday_occurrence": 1,
            "gallons_per_day": 1737.49,
            "ph_min": 6.0,
            "ph_max": 12.0
        },
        "4": {
            "id": "4",
            "date": "datetime.date(2021, 8, 4)",
            "day_of_week": "WeekdayEnum.WEDNESDAY",
            "is_weekend": false,
            "month_of_year": "MonthEnum.AUGUST",
            "week_number": 1,
            "weekday_occurrence": 1,
            "gallons_per_day": 2256.36,
            "ph_min": 6.02,
            "ph_max": 11.99
        },
        "5": {
            "id": "5",
            "date": "datetime.date(2021, 8, 5)",
            "day_of_week": "WeekdayEnum.THURSDAY",
            "is_weekend": false,
            "month_of_year": "MonthEnum.AUGUST",
            "week_number": 1,
            "weekday_occurrence": 1,
            "gallons_per_day": 1863.32,
            "ph_min": 6.0,
            "ph_max": 11.98
        },
        "6": {
            "id": "6",
            "date": "datetime.date(2021, 8, 6)",
            "day_of_week": "WeekdayEnum.FRIDAY",
            "is_weekend": false,
            "month_of_year": "MonthEnum.AUGUST",
            "week_number": 1,
            "weekday_occurrence": 1,
            "gallons_per_day": 2181.21,
            "ph_min": 6.0,
            "ph_max": 11.96
        },
        "7": {
            "id": "7",
            "date": "datetime.date(2021, 8, 7)",
            "day_of_week": "WeekdayEnum.SATURDAY",
            "is_weekend": true,
            "month_of_year": "MonthEnum.AUGUST",
            "week_number": 1,
            "weekday_occurrence": 1,
            "gallons_per_day": 9.42,
            "ph_min": 8.45,
            "ph_max": 9.38
        },
        "8": {
            "id": "8",
            "date": "datetime.date(2021, 8, 8)",
            "day_of_week": "WeekdayEnum.SUNDAY",
            "is_weekend": true,
            "month_of_year": "MonthEnum.AUGUST",
            "week_number": 2,
            "weekday_occurrence": 2,
            "gallons_per_day": 16.76,
            "ph_min": 7.94,
            "ph_max": 9.1
        },
        "9": {
            "id": "9",
            "date": "datetime.date(2021, 8, 9)",
            "day_of_week": "WeekdayEnum.MONDAY",
            "is_weekend": false,
            "month_of_year": "MonthEnum.AUGUST",
            "week_number": 2,
            "weekday_occurrence": 2,
            "gallons_per_day": 1483.65,
            "ph_min": 6.0,
            "ph_max": 9.7
        },
        "10": {
            "id": "10",
            "date": "datetime.date(2021, 8, 10)",
            "day_of_week": "WeekdayEnum.TUESDAY",
            "is_weekend": false,
            "month_of_year": "MonthEnum.AUGUST",
            "week_number": 2,
            "weekday_occurrence": 2,
            "gallons_per_day": 1643.4,
            "ph_min": 6.0,
            "ph_max": 8.98
        },
        "11": {
            "id": "11",
            "date": "datetime.date(2021, 8, 11)",
            "day_of_week": "WeekdayEnum.WEDNESDAY",
            "is_weekend": false,
            "month_of_year": "MonthEnum.AUGUST",
            "week_number": 2,
            "weekday_occurrence": 2,
            "gallons_per_day": 1944.27,
            "ph_min": 6.0,
            "ph_max": 11.99
        },
        "12": {
            "id": "12",
            "date": "datetime.date(2021, 8, 12)",
            "day_of_week": "WeekdayEnum.THURSDAY",
            "is_weekend": false,
            "month_of_year": "MonthEnum.AUGUST",
            "week_number": 2,
            "weekday_occurrence": 2,
            "gallons_per_day": 2004.43,
            "ph_min": 6.0,
            "ph_max": 11.99
        },
        "13": {
            "id": "13",
            "date": "datetime.date(2021, 8, 13)",
            "day_of_week": "WeekdayEnum.FRIDAY",
            "is_weekend": false,
            "month_of_year": "MonthEnum.AUGUST",
            "week_number": 2,
            "weekday_occurrence": 2,
            "gallons_per_day": 1880.09,
            "ph_min": 6.0,
            "ph_max": 10.49
        },
        "14": {
            "id": "14",
            "date": "datetime.date(2021, 8, 14)",
            "day_of_week": "WeekdayEnum.SATURDAY",
            "is_weekend": true,
            "month_of_year": "MonthEnum.AUGUST",
            "week_number": 2,
            "weekday_occurrence": 2,
            "gallons_per_day": 45.48,
            "ph_min": 7.02,
            "ph_max": 8.56
        },
        "15": {
            "id": "15",
            "date": "datetime.date(2021, 8, 15)",
            "day_of_week": "WeekdayEnum.SUNDAY",
            "is_weekend": true,
            "month_of_year": "MonthEnum.AUGUST",
            "week_number": 3,
            "weekday_occurrence": 3,
            "gallons_per_day": 31.98,
            "ph_min": 7.34,
            "ph_max": 8.36
        },
        "16": {
            "id": "16",
            "date": "datetime.date(2021, 8, 16)",
            "day_of_week": "WeekdayEnum.MONDAY",
            "is_weekend": false,
            "month_of_year": "MonthEnum.AUGUST",
            "week_number": 3,
            "weekday_occurrence": 3,
            "gallons_per_day": 1740.21,
            "ph_min": 6.0,
            "ph_max": 11.99
        },
        "17": {
            "id": "17",
            "date": "datetime.date(2021, 8, 17)",
            "day_of_week": "WeekdayEnum.TUESDAY",
            "is_weekend": false,
            "month_of_year": "MonthEnum.AUGUST",
            "week_number": 3,
            "weekday_occurrence": 3,
            "gallons_per_day": 1873.59,
            "ph_min": 6.0,
            "ph_max": 11.99
        },
        "18": {
            "id": "18",
            "date": "datetime.date(2021, 8, 18)",
            "day_of_week": "WeekdayEnum.WEDNESDAY",
            "is_weekend": false,
            "month_of_year": "MonthEnum.AUGUST",
            "week_number": 3,
            "weekday_occurrence": 3,
            "gallons_per_day": 1665.81,
            "ph_min": 6.0,
            "ph_max": 11.21
        },
        "19": {
            "id": "19",
            "date": "datetime.date(2021, 8, 19)",
            "day_of_week": "WeekdayEnum.THURSDAY",
            "is_weekend": false,
            "month_of_year": "MonthEnum.AUGUST",
            "week_number": 3,
            "weekday_occurrence": 3,
            "gallons_per_day": 2056.47,
            "ph_min": 6.0,
            "ph_max": 11.9
        },
        "20": {
            "id": "20",
            "date": "datetime.date(2021, 8, 20)",
            "day_of_week": "WeekdayEnum.FRIDAY",
            "is_weekend": false,
            "month_of_year": "MonthEnum.AUGUST",
            "week_number": 3,
            "weekday_occurrence": 3,
            "gallons_per_day": 2555.27,
            "ph_min": 6.0,
            "ph_max": 11.95
        },
        "21": {
            "id": "21",
            "date": "datetime.date(2021, 8, 21)",
            "day_of_week": "WeekdayEnum.SATURDAY",
            "is_weekend": true,
            "month_of_year": "MonthEnum.AUGUST",
            "week_number": 3,
            "weekday_occurrence": 3,
            "gallons_per_day": 1.93,
            "ph_min": 6.31,
            "ph_max": 8.27
        },
        "22": {
            "id": "22",
            "date": "datetime.date(2021, 8, 22)",
            "day_of_week": "WeekdayEnum.SUNDAY",
            "is_weekend": true,
            "month_of_year": "MonthEnum.AUGUST",
            "week_number": 4,
            "weekday_occurrence": 4,
            "gallons_per_day": 36.03,
            "ph_min": 6.48,
            "ph_max": 8.31
        },
        "23": {
            "id": "23",
            "date": "datetime.date(2021, 8, 23)",
            "day_of_week": "WeekdayEnum.MONDAY",
            "is_weekend": false,
            "month_of_year": "MonthEnum.AUGUST",
            "week_number": 4,
            "weekday_occurrence": 4,
            "gallons_per_day": 2469.97,
            "ph_min": 6.0,
            "ph_max": 11.98
        },
        "24": {
            "id": "24",
            "date": "datetime.date(2021, 8, 24)",
            "day_of_week": "WeekdayEnum.TUESDAY",
            "is_weekend": false,
            "month_of_year": "MonthEnum.AUGUST",
            "week_number": 4,
            "weekday_occurrence": 4,
            "gallons_per_day": 2830.0,
            "ph_min": 6.0,
            "ph_max": 11.95
        },
        "25": {
            "id": "25",
            "date": "datetime.date(2021, 8, 25)",
            "day_of_week": "WeekdayEnum.WEDNESDAY",
            "is_weekend": false,
            "month_of_year": "MonthEnum.AUGUST",
            "week_number": 4,
            "weekday_occurrence": 4,
            "gallons_per_day": 2733.68,
            "ph_min": 6.0,
            "ph_max": 11.95
        },
        "26": {
            "id": "26",
            "date": "datetime.date(2021, 8, 26)",
            "day_of_week": "WeekdayEnum.THURSDAY",
            "is_weekend": false,
            "month_of_year": "MonthEnum.AUGUST",
            "week_number": 4,
            "weekday_occurrence": 4,
            "gallons_per_day": 2508.58,
            "ph_min": 6.0,
            "ph_max": 11.89
        },
        "27": {
            "id": "27",
            "date": "datetime.date(2021, 8, 27)",
            "day_of_week": "WeekdayEnum.FRIDAY",
            "is_weekend": false,
            "month_of_year": "MonthEnum.AUGUST",
            "week_number": 4,
            "weekday_occurrence": 4,
            "gallons_per_day": 2635.5,
            "ph_min": 6.0,
            "ph_max": 11.84
        },
        "28": {
            "id": "28",
            "date": "datetime.date(2021, 8, 28)",
            "day_of_week": "WeekdayEnum.SATURDAY",
            "is_weekend": true,
            "month_of_year": "MonthEnum.AUGUST",
            "week_number": 4,
            "weekday_occurrence": 4,
            "gallons_per_day": 45.06,
            "ph_min": 6.41,
            "ph_max": 8.87
        },
        "29": {
            "id": "29",
            "date": "datetime.date(2021, 8, 29)",
            "day_of_week": "WeekdayEnum.SUNDAY",
            "is_weekend": true,
            "month_of_year": "MonthEnum.AUGUST",
            "week_number": 5,
            "weekday_occurrence": 5,
            "gallons_per_day": 39.63,
            "ph_min": 7.3,
            "ph_max": 8.7
        },
        "30": {
            "id": "30",
            "date": "datetime.date(2021, 8, 30)",
            "day_of_week": "WeekdayEnum.MONDAY",
            "is_weekend": false,
            "month_of_year": "MonthEnum.AUGUST",
            "week_number": 5,
            "weekday_occurrence": 5,
            "gallons_per_day": 2144.8,
            "ph_min": 6.0,
            "ph_max": 10.81
        },
        "31": {
            "id": "31",
            "date": "datetime.date(2021, 8, 31)",
            "day_of_week": "WeekdayEnum.TUESDAY",
            "is_weekend": false,
            "month_of_year": "MonthEnum.AUGUST",
            "week_number": 5,
            "weekday_occurrence": 5,
            "gallons_per_day": 2429.18,
            "ph_min": 6.0,
            "ph_max": 11.99
        }
    }
}


File Saved: /Users/acondict/Documents/Watershed/watershedpi/generate_data/outputs/2021_august_data.json
