Searching for input file: /Users/acondict/Documents/Watershed/watershedpi/generate_data/inputs/october_data_tuples.txt
Data tuples fetched for october
************************************
************************************
[             10/2021           ]
[ 2021-10-01 ] <---> [ 10/1/2021 ]

>> Month of Year:   OCTOBER
>> Week Number:     1
>> Day of Week:     FRIDAY  (occur. #1)
>> Is Weekend:      False
>> Gallons per Day: 2,908.54
>> pH Minumum:      6.01
>> pH Maximum:      9.97

************************************

[             10/2021           ]
[ 2021-10-02 ] <---> [ 10/2/2021 ]

>> Month of Year:   OCTOBER
>> Week Number:     1
>> Day of Week:     SATURDAY  (occur. #1)
>> Is Weekend:      True
>> Gallons per Day: 9.06
>> pH Minumum:      6.08
>> pH Maximum:      8.50

************************************

[             10/2021           ]
[ 2021-10-03 ] <---> [ 10/3/2021 ]

>> Month of Year:   OCTOBER
>> Week Number:     1
>> Day of Week:     SUNDAY  (occur. #1)
>> Is Weekend:      True
>> Gallons per Day: 8.38
>> pH Minumum:      7.34
>> pH Maximum:      8.96

************************************

[             10/2021           ]
[ 2021-10-04 ] <---> [ 10/4/2021 ]

>> Month of Year:   OCTOBER
>> Week Number:     1
>> Day of Week:     MONDAY  (occur. #1)
>> Is Weekend:      False
>> Gallons per Day: 2,540.00
>> pH Minumum:      6.00
>> pH Maximum:      11.98

************************************

[             10/2021           ]
[ 2021-10-05 ] <---> [ 10/5/2021 ]

>> Month of Year:   OCTOBER
>> Week Number:     1
>> Day of Week:     TUESDAY  (occur. #1)
>> Is Weekend:      False
>> Gallons per Day: 2,624.80
>> pH Minumum:      6.00
>> pH Maximum:      11.90

************************************

[             10/2021           ]
[ 2021-10-06 ] <---> [ 10/6/2021 ]

>> Month of Year:   OCTOBER
>> Week Number:     1
>> Day of Week:     WEDNESDAY  (occur. #1)
>> Is Weekend:      False
>> Gallons per Day: 2,583.23
>> pH Minumum:      6.00
>> pH Maximum:      11.52

************************************

[             10/2021           ]
[ 2021-10-07 ] <---> [ 10/7/2021 ]

>> Month of Year:   OCTOBER
>> Week Number:     1
>> Day of Week:     THURSDAY  (occur. #1)
>> Is Weekend:      False
>> Gallons per Day: 2,612.96
>> pH Minumum:      6.00
>> pH Maximum:      11.88

************************************

[             10/2021           ]
[ 2021-10-08 ] <---> [ 10/8/2021 ]

>> Month of Year:   OCTOBER
>> Week Number:     2
>> Day of Week:     FRIDAY  (occur. #2)
>> Is Weekend:      False
>> Gallons per Day: 2,737.03
>> pH Minumum:      6.00
>> pH Maximum:      8.50

************************************

[             10/2021           ]
[ 2021-10-09 ] <---> [ 10/9/2021 ]

>> Month of Year:   OCTOBER
>> Week Number:     2
>> Day of Week:     SATURDAY  (occur. #2)
>> Is Weekend:      True
>> Gallons per Day: 0.66
>> pH Minumum:      6.50
>> pH Maximum:      7.46

************************************

[             10/2021           ]
[ 2021-10-10 ] <---> [ 10/10/2021 ]

>> Month of Year:   OCTOBER
>> Week Number:     2
>> Day of Week:     SUNDAY  (occur. #2)
>> Is Weekend:      True
>> Gallons per Day: 38.92
>> pH Minumum:      7.12
>> pH Maximum:      7.76

************************************

[             10/2021           ]
[ 2021-10-11 ] <---> [ 10/11/2021 ]

>> Month of Year:   OCTOBER
>> Week Number:     2
>> Day of Week:     MONDAY  (occur. #2)
>> Is Weekend:      False
>> Gallons per Day: 2,221.27
>> pH Minumum:      6.01
>> pH Maximum:      10.54

************************************

[             10/2021           ]
[ 2021-10-12 ] <---> [ 10/12/2021 ]

>> Month of Year:   OCTOBER
>> Week Number:     2
>> Day of Week:     TUESDAY  (occur. #2)
>> Is Weekend:      False
>> Gallons per Day: 2,128.63
>> pH Minumum:      6.00
>> pH Maximum:      12.00

************************************

[             10/2021           ]
[ 2021-10-13 ] <---> [ 10/13/2021 ]

>> Month of Year:   OCTOBER
>> Week Number:     2
>> Day of Week:     WEDNESDAY  (occur. #2)
>> Is Weekend:      False
>> Gallons per Day: 2,590.07
>> pH Minumum:      6.00
>> pH Maximum:      11.91

************************************

[             10/2021           ]
[ 2021-10-14 ] <---> [ 10/14/2021 ]

>> Month of Year:   OCTOBER
>> Week Number:     2
>> Day of Week:     THURSDAY  (occur. #2)
>> Is Weekend:      False
>> Gallons per Day: 2,684.68
>> pH Minumum:      6.00
>> pH Maximum:      11.99

************************************

[             10/2021           ]
[ 2021-10-15 ] <---> [ 10/15/2021 ]

>> Month of Year:   OCTOBER
>> Week Number:     3
>> Day of Week:     FRIDAY  (occur. #3)
>> Is Weekend:      False
>> Gallons per Day: 2,879.01
>> pH Minumum:      6.00
>> pH Maximum:      11.63

************************************

[             10/2021           ]
[ 2021-10-16 ] <---> [ 10/16/2021 ]

>> Month of Year:   OCTOBER
>> Week Number:     3
>> Day of Week:     SATURDAY  (occur. #3)
>> Is Weekend:      True
>> Gallons per Day: 7.05
>> pH Minumum:      6.84
>> pH Maximum:      7.83

************************************

[             10/2021           ]
[ 2021-10-17 ] <---> [ 10/17/2021 ]

>> Month of Year:   OCTOBER
>> Week Number:     3
>> Day of Week:     SUNDAY  (occur. #3)
>> Is Weekend:      True
>> Gallons per Day: 36.81
>> pH Minumum:      6.99
>> pH Maximum:      7.66

************************************

[             10/2021           ]
[ 2021-10-18 ] <---> [ 10/18/2021 ]

>> Month of Year:   OCTOBER
>> Week Number:     3
>> Day of Week:     MONDAY  (occur. #3)
>> Is Weekend:      False
>> Gallons per Day: 2,193.30
>> pH Minumum:      6.00
>> pH Maximum:      7.89

************************************

[             10/2021           ]
[ 2021-10-19 ] <---> [ 10/19/2021 ]

>> Month of Year:   OCTOBER
>> Week Number:     3
>> Day of Week:     TUESDAY  (occur. #3)
>> Is Weekend:      False
>> Gallons per Day: 2,539.29
>> pH Minumum:      6.00
>> pH Maximum:      11.84

************************************

[             10/2021           ]
[ 2021-10-20 ] <---> [ 10/20/2021 ]

>> Month of Year:   OCTOBER
>> Week Number:     3
>> Day of Week:     WEDNESDAY  (occur. #3)
>> Is Weekend:      False
>> Gallons per Day: 3,267.61
>> pH Minumum:      6.00
>> pH Maximum:      11.95

************************************

[             10/2021           ]
[ 2021-10-21 ] <---> [ 10/21/2021 ]

>> Month of Year:   OCTOBER
>> Week Number:     3
>> Day of Week:     THURSDAY  (occur. #3)
>> Is Weekend:      False
>> Gallons per Day: 3,284.93
>> pH Minumum:      6.00
>> pH Maximum:      11.84

************************************

[             10/2021           ]
[ 2021-10-22 ] <---> [ 10/22/2021 ]

>> Month of Year:   OCTOBER
>> Week Number:     4
>> Day of Week:     FRIDAY  (occur. #4)
>> Is Weekend:      False
>> Gallons per Day: 2,792.13
>> pH Minumum:      6.00
>> pH Maximum:      11.99

************************************

[             10/2021           ]
[ 2021-10-23 ] <---> [ 10/23/2021 ]

>> Month of Year:   OCTOBER
>> Week Number:     4
>> Day of Week:     SATURDAY  (occur. #4)
>> Is Weekend:      True
>> Gallons per Day: 19.17
>> pH Minumum:      6.17
>> pH Maximum:      7.62

************************************

[             10/2021           ]
[ 2021-10-24 ] <---> [ 10/24/2021 ]

>> Month of Year:   OCTOBER
>> Week Number:     4
>> Day of Week:     SUNDAY  (occur. #4)
>> Is Weekend:      True
>> Gallons per Day: 10.51
>> pH Minumum:      6.84
>> pH Maximum:      7.87

************************************

[             10/2021           ]
[ 2021-10-25 ] <---> [ 10/25/2021 ]

>> Month of Year:   OCTOBER
>> Week Number:     4
>> Day of Week:     MONDAY  (occur. #4)
>> Is Weekend:      False
>> Gallons per Day: 2,362.85
>> pH Minumum:      6.00
>> pH Maximum:      11.95

************************************

[             10/2021           ]
[ 2021-10-26 ] <---> [ 10/26/2021 ]

>> Month of Year:   OCTOBER
>> Week Number:     4
>> Day of Week:     TUESDAY  (occur. #4)
>> Is Weekend:      False
>> Gallons per Day: 2,658.84
>> pH Minumum:      6.00
>> pH Maximum:      11.96

************************************

[             10/2021           ]
[ 2021-10-27 ] <---> [ 10/27/2021 ]

>> Month of Year:   OCTOBER
>> Week Number:     4
>> Day of Week:     WEDNESDAY  (occur. #4)
>> Is Weekend:      False
>> Gallons per Day: 2,606.23
>> pH Minumum:      6.00
>> pH Maximum:      11.95

************************************

[             10/2021           ]
[ 2021-10-28 ] <---> [ 10/28/2021 ]

>> Month of Year:   OCTOBER
>> Week Number:     4
>> Day of Week:     THURSDAY  (occur. #4)
>> Is Weekend:      False
>> Gallons per Day: 2,875.07
>> pH Minumum:      6.00
>> pH Maximum:      11.98

************************************


DATA REPORT FOR MONTH [10/2021]:
{
    "10/2021": {
        "1": {
            "id": "1",
            "date": "datetime.date(2021, 10, 1)",
            "day_of_week": "WeekdayEnum.FRIDAY",
            "is_weekend": false,
            "month_of_year": "MonthEnum.OCTOBER",
            "week_number": 1,
            "weekday_occurrence": 1,
            "gallons_per_day": 2908.54,
            "ph_min": 6.01,
            "ph_max": 9.97
        },
        "2": {
            "id": "2",
            "date": "datetime.date(2021, 10, 2)",
            "day_of_week": "WeekdayEnum.SATURDAY",
            "is_weekend": true,
            "month_of_year": "MonthEnum.OCTOBER",
            "week_number": 1,
            "weekday_occurrence": 1,
            "gallons_per_day": 9.06,
            "ph_min": 6.08,
            "ph_max": 8.5
        },
        "3": {
            "id": "3",
            "date": "datetime.date(2021, 10, 3)",
            "day_of_week": "WeekdayEnum.SUNDAY",
            "is_weekend": true,
            "month_of_year": "MonthEnum.OCTOBER",
            "week_number": 1,
            "weekday_occurrence": 1,
            "gallons_per_day": 8.38,
            "ph_min": 7.34,
            "ph_max": 8.96
        },
        "4": {
            "id": "4",
            "date": "datetime.date(2021, 10, 4)",
            "day_of_week": "WeekdayEnum.MONDAY",
            "is_weekend": false,
            "month_of_year": "MonthEnum.OCTOBER",
            "week_number": 1,
            "weekday_occurrence": 1,
            "gallons_per_day": 2540.0,
            "ph_min": 6.0,
            "ph_max": 11.98
        },
        "5": {
            "id": "5",
            "date": "datetime.date(2021, 10, 5)",
            "day_of_week": "WeekdayEnum.TUESDAY",
            "is_weekend": false,
            "month_of_year": "MonthEnum.OCTOBER",
            "week_number": 1,
            "weekday_occurrence": 1,
            "gallons_per_day": 2624.8,
            "ph_min": 6.0,
            "ph_max": 11.9
        },
        "6": {
            "id": "6",
            "date": "datetime.date(2021, 10, 6)",
            "day_of_week": "WeekdayEnum.WEDNESDAY",
            "is_weekend": false,
            "month_of_year": "MonthEnum.OCTOBER",
            "week_number": 1,
            "weekday_occurrence": 1,
            "gallons_per_day": 2583.23,
            "ph_min": 6.0,
            "ph_max": 11.52
        },
        "7": {
            "id": "7",
            "date": "datetime.date(2021, 10, 7)",
            "day_of_week": "WeekdayEnum.THURSDAY",
            "is_weekend": false,
            "month_of_year": "MonthEnum.OCTOBER",
            "week_number": 1,
            "weekday_occurrence": 1,
            "gallons_per_day": 2612.96,
            "ph_min": 6.0,
            "ph_max": 11.88
        },
        "8": {
            "id": "8",
            "date": "datetime.date(2021, 10, 8)",
            "day_of_week": "WeekdayEnum.FRIDAY",
            "is_weekend": false,
            "month_of_year": "MonthEnum.OCTOBER",
            "week_number": 2,
            "weekday_occurrence": 2,
            "gallons_per_day": 2737.03,
            "ph_min": 6.0,
            "ph_max": 8.5
        },
        "9": {
            "id": "9",
            "date": "datetime.date(2021, 10, 9)",
            "day_of_week": "WeekdayEnum.SATURDAY",
            "is_weekend": true,
            "month_of_year": "MonthEnum.OCTOBER",
            "week_number": 2,
            "weekday_occurrence": 2,
            "gallons_per_day": 0.66,
            "ph_min": 6.5,
            "ph_max": 7.46
        },
        "10": {
            "id": "10",
            "date": "datetime.date(2021, 10, 10)",
            "day_of_week": "WeekdayEnum.SUNDAY",
            "is_weekend": true,
            "month_of_year": "MonthEnum.OCTOBER",
            "week_number": 2,
            "weekday_occurrence": 2,
            "gallons_per_day": 38.92,
            "ph_min": 7.12,
            "ph_max": 7.76
        },
        "11": {
            "id": "11",
            "date": "datetime.date(2021, 10, 11)",
            "day_of_week": "WeekdayEnum.MONDAY",
            "is_weekend": false,
            "month_of_year": "MonthEnum.OCTOBER",
            "week_number": 2,
            "weekday_occurrence": 2,
            "gallons_per_day": 2221.27,
            "ph_min": 6.01,
            "ph_max": 10.54
        },
        "12": {
            "id": "12",
            "date": "datetime.date(2021, 10, 12)",
            "day_of_week": "WeekdayEnum.TUESDAY",
            "is_weekend": false,
            "month_of_year": "MonthEnum.OCTOBER",
            "week_number": 2,
            "weekday_occurrence": 2,
            "gallons_per_day": 2128.63,
            "ph_min": 6.0,
            "ph_max": 12.0
        },
        "13": {
            "id": "13",
            "date": "datetime.date(2021, 10, 13)",
            "day_of_week": "WeekdayEnum.WEDNESDAY",
            "is_weekend": false,
            "month_of_year": "MonthEnum.OCTOBER",
            "week_number": 2,
            "weekday_occurrence": 2,
            "gallons_per_day": 2590.07,
            "ph_min": 6.0,
            "ph_max": 11.91
        },
        "14": {
            "id": "14",
            "date": "datetime.date(2021, 10, 14)",
            "day_of_week": "WeekdayEnum.THURSDAY",
            "is_weekend": false,
            "month_of_year": "MonthEnum.OCTOBER",
            "week_number": 2,
            "weekday_occurrence": 2,
            "gallons_per_day": 2684.68,
            "ph_min": 6.0,
            "ph_max": 11.99
        },
        "15": {
            "id": "15",
            "date": "datetime.date(2021, 10, 15)",
            "day_of_week": "WeekdayEnum.FRIDAY",
            "is_weekend": false,
            "month_of_year": "MonthEnum.OCTOBER",
            "week_number": 3,
            "weekday_occurrence": 3,
            "gallons_per_day": 2879.01,
            "ph_min": 6.0,
            "ph_max": 11.63
        },
        "16": {
            "id": "16",
            "date": "datetime.date(2021, 10, 16)",
            "day_of_week": "WeekdayEnum.SATURDAY",
            "is_weekend": true,
            "month_of_year": "MonthEnum.OCTOBER",
            "week_number": 3,
            "weekday_occurrence": 3,
            "gallons_per_day": 7.05,
            "ph_min": 6.84,
            "ph_max": 7.83
        },
        "17": {
            "id": "17",
            "date": "datetime.date(2021, 10, 17)",
            "day_of_week": "WeekdayEnum.SUNDAY",
            "is_weekend": true,
            "month_of_year": "MonthEnum.OCTOBER",
            "week_number": 3,
            "weekday_occurrence": 3,
            "gallons_per_day": 36.81,
            "ph_min": 6.99,
            "ph_max": 7.66
        },
        "18": {
            "id": "18",
            "date": "datetime.date(2021, 10, 18)",
            "day_of_week": "WeekdayEnum.MONDAY",
            "is_weekend": false,
            "month_of_year": "MonthEnum.OCTOBER",
            "week_number": 3,
            "weekday_occurrence": 3,
            "gallons_per_day": 2193.3,
            "ph_min": 6.0,
            "ph_max": 7.89
        },
        "19": {
            "id": "19",
            "date": "datetime.date(2021, 10, 19)",
            "day_of_week": "WeekdayEnum.TUESDAY",
            "is_weekend": false,
            "month_of_year": "MonthEnum.OCTOBER",
            "week_number": 3,
            "weekday_occurrence": 3,
            "gallons_per_day": 2539.29,
            "ph_min": 6.0,
            "ph_max": 11.84
        },
        "20": {
            "id": "20",
            "date": "datetime.date(2021, 10, 20)",
            "day_of_week": "WeekdayEnum.WEDNESDAY",
            "is_weekend": false,
            "month_of_year": "MonthEnum.OCTOBER",
            "week_number": 3,
            "weekday_occurrence": 3,
            "gallons_per_day": 3267.61,
            "ph_min": 6.0,
            "ph_max": 11.95
        },
        "21": {
            "id": "21",
            "date": "datetime.date(2021, 10, 21)",
            "day_of_week": "WeekdayEnum.THURSDAY",
            "is_weekend": false,
            "month_of_year": "MonthEnum.OCTOBER",
            "week_number": 3,
            "weekday_occurrence": 3,
            "gallons_per_day": 3284.93,
            "ph_min": 6.0,
            "ph_max": 11.84
        },
        "22": {
            "id": "22",
            "date": "datetime.date(2021, 10, 22)",
            "day_of_week": "WeekdayEnum.FRIDAY",
            "is_weekend": false,
            "month_of_year": "MonthEnum.OCTOBER",
            "week_number": 4,
            "weekday_occurrence": 4,
            "gallons_per_day": 2792.13,
            "ph_min": 6.0,
            "ph_max": 11.99
        },
        "23": {
            "id": "23",
            "date": "datetime.date(2021, 10, 23)",
            "day_of_week": "WeekdayEnum.SATURDAY",
            "is_weekend": true,
            "month_of_year": "MonthEnum.OCTOBER",
            "week_number": 4,
            "weekday_occurrence": 4,
            "gallons_per_day": 19.17,
            "ph_min": 6.17,
            "ph_max": 7.62
        },
        "24": {
            "id": "24",
            "date": "datetime.date(2021, 10, 24)",
            "day_of_week": "WeekdayEnum.SUNDAY",
            "is_weekend": true,
            "month_of_year": "MonthEnum.OCTOBER",
            "week_number": 4,
            "weekday_occurrence": 4,
            "gallons_per_day": 10.51,
            "ph_min": 6.84,
            "ph_max": 7.87
        },
        "25": {
            "id": "25",
            "date": "datetime.date(2021, 10, 25)",
            "day_of_week": "WeekdayEnum.MONDAY",
            "is_weekend": false,
            "month_of_year": "MonthEnum.OCTOBER",
            "week_number": 4,
            "weekday_occurrence": 4,
            "gallons_per_day": 2362.85,
            "ph_min": 6.0,
            "ph_max": 11.95
        },
        "26": {
            "id": "26",
            "date": "datetime.date(2021, 10, 26)",
            "day_of_week": "WeekdayEnum.TUESDAY",
            "is_weekend": false,
            "month_of_year": "MonthEnum.OCTOBER",
            "week_number": 4,
            "weekday_occurrence": 4,
            "gallons_per_day": 2658.84,
            "ph_min": 6.0,
            "ph_max": 11.96
        },
        "27": {
            "id": "27",
            "date": "datetime.date(2021, 10, 27)",
            "day_of_week": "WeekdayEnum.WEDNESDAY",
            "is_weekend": false,
            "month_of_year": "MonthEnum.OCTOBER",
            "week_number": 4,
            "weekday_occurrence": 4,
            "gallons_per_day": 2606.23,
            "ph_min": 6.0,
            "ph_max": 11.95
        },
        "28": {
            "id": "28",
            "date": "datetime.date(2021, 10, 28)",
            "day_of_week": "WeekdayEnum.THURSDAY",
            "is_weekend": false,
            "month_of_year": "MonthEnum.OCTOBER",
            "week_number": 4,
            "weekday_occurrence": 4,
            "gallons_per_day": 2875.07,
            "ph_min": 6.0,
            "ph_max": 11.98
        }
    }
}


File Saved: /Users/acondict/Documents/Watershed/watershedpi/generate_data/outputs/2021_october_data.json
